0 info it worked if it ends with ok
1 verbose cli [ 'C:\\Program Files\\nodejs\\node.exe',
1 verbose cli   'C:\\Program Files\\nodejs\\node_modules\\npm\\bin\\npm-cli.js',
1 verbose cli   'uninstall',
1 verbose cli   'cordova-plugin-geolocation',
1 verbose cli   '--save' ]
2 info using npm@3.10.10
3 info using node@v6.11.4
4 silly loadCurrentTree Starting
5 silly install loadCurrentTree
6 silly install readLocalPackageData
7 silly install normalizeTree
8 silly loadCurrentTree Finishing
9 silly loadIdealTree Starting
10 silly install loadIdealTree
11 silly cloneCurrentTree Starting
12 silly install cloneCurrentTreeToIdealTree
13 silly cloneCurrentTree Finishing
14 silly loadShrinkwrap Starting
15 silly install loadShrinkwrap
16 silly loadShrinkwrap Finishing
17 silly loadAllDepsIntoIdealTree Starting
18 silly uninstall loadAllDepsIntoIdealtree
19 silly loadAllDepsIntoIdealTree Finishing
20 silly loadIdealTree Finishing
21 silly currentTree fr.rainetcom.colisclub@1.0.0
21 silly currentTree +-- abbrev@1.1.1
21 silly currentTree +-- accepts@1.3.5
21 silly currentTree +-- acorn-node@1.3.0
21 silly currentTree +-- acorn@5.5.3
21 silly currentTree +-- aliasify@2.1.0
21 silly currentTree +-- ansi-escapes@1.4.0
21 silly currentTree +-- ansi-regex@2.1.1
21 silly currentTree +-- ansi-styles@2.2.1
21 silly currentTree +-- ansi@0.3.1
21 silly currentTree +-- array-filter@0.0.1
21 silly currentTree +-- array-flatten@1.1.1
21 silly currentTree +-- array-map@0.0.0
21 silly currentTree +-- array-reduce@0.0.0
21 silly currentTree +-- asn1.js@4.10.1
21 silly currentTree +-- asn1@0.2.3
21 silly currentTree +-- assert-plus@0.2.0
21 silly currentTree +-- assert@1.4.1
21 silly currentTree +-- astw@2.2.0
21 silly currentTree | +-- acorn@4.0.13
21 silly currentTree | `-- desktop.ini
21 silly currentTree +-- async@1.5.2
21 silly currentTree +-- asynckit@0.4.0
21 silly currentTree +-- aws-sign2@0.6.0
21 silly currentTree +-- aws4@1.6.0
21 silly currentTree +-- balanced-match@1.0.0
21 silly currentTree +-- base64-js@0.0.8
21 silly currentTree +-- bcrypt-pbkdf@1.0.1
21 silly currentTree +-- big-integer@1.6.27
21 silly currentTree +-- block-stream@0.0.9
21 silly currentTree +-- bn.js@4.11.8
21 silly currentTree +-- body-parser@1.18.2
21 silly currentTree +-- boom@2.10.1
21 silly currentTree +-- bplist-creator@0.0.7
21 silly currentTree +-- bplist-parser@0.1.1
21 silly currentTree +-- brace-expansion@1.1.11
21 silly currentTree +-- brorand@1.1.0
21 silly currentTree +-- browser-pack@6.1.0
21 silly currentTree +-- browser-resolve@1.11.2
21 silly currentTree | +-- desktop.ini
21 silly currentTree | `-- resolve@1.1.7
21 silly currentTree +-- browserify-aes@1.1.1
21 silly currentTree +-- browserify-cipher@1.0.0
21 silly currentTree +-- browserify-des@1.0.0
21 silly currentTree +-- browserify-rsa@4.0.1
21 silly currentTree +-- browserify-sign@4.0.4
21 silly currentTree +-- browserify-transform-tools@1.7.0
21 silly currentTree +-- browserify-zlib@0.1.4
21 silly currentTree +-- browserify@14.4.0
21 silly currentTree | +-- desktop.ini
21 silly currentTree | `-- glob@7.1.2
21 silly currentTree +-- buffer-from@1.0.0
21 silly currentTree +-- buffer-xor@1.0.3
21 silly currentTree +-- buffer@5.1.0
21 silly currentTree | +-- base64-js@1.2.3
21 silly currentTree | `-- desktop.ini
21 silly currentTree +-- builtin-modules@1.1.1
21 silly currentTree +-- builtin-status-codes@3.0.0
21 silly currentTree +-- builtins@1.0.3
21 silly currentTree +-- bytes@3.0.0
21 silly currentTree +-- cached-path-relative@1.0.1
21 silly currentTree +-- caseless@0.11.0
21 silly currentTree +-- chalk@1.1.3
21 silly currentTree +-- cipher-base@1.0.4
21 silly currentTree +-- cli-cursor@1.0.2
21 silly currentTree +-- cli-width@1.1.1
21 silly currentTree +-- code-point-at@1.1.0
21 silly currentTree +-- combine-source-map@0.8.0
21 silly currentTree +-- combined-stream@1.0.6
21 silly currentTree +-- commander@2.15.1
21 silly currentTree +-- compressible@2.0.13
21 silly currentTree +-- compression@1.7.2
21 silly currentTree +-- concat-map@0.0.1
21 silly currentTree +-- concat-stream@1.5.2
21 silly currentTree | +-- desktop.ini
21 silly currentTree | +-- isarray@1.0.0
21 silly currentTree | +-- process-nextick-args@1.0.7
21 silly currentTree | +-- readable-stream@2.0.6
21 silly currentTree | `-- string_decoder@0.10.31
21 silly currentTree +-- configstore@2.1.0
21 silly currentTree +-- console-browserify@1.1.0
21 silly currentTree +-- constants-browserify@1.0.0
21 silly currentTree +-- content-disposition@0.5.2
21 silly currentTree +-- content-type@1.0.4
21 silly currentTree +-- convert-source-map@1.1.3
21 silly currentTree +-- cookie-signature@1.0.6
21 silly currentTree +-- cookie@0.3.1
21 silly currentTree +-- cordova-android-play-services-gradle-release@1.4.1
21 silly currentTree +-- cordova-android@7.0.0
21 silly currentTree | +-- abbrev@1.1.1
21 silly currentTree | +-- android-versions@1.2.1
21 silly currentTree | +-- ansi@0.3.1
21 silly currentTree | +-- balanced-match@1.0.0
21 silly currentTree | +-- base64-js@0.0.8
21 silly currentTree | +-- big-integer@1.6.26
21 silly currentTree | +-- bplist-parser@0.1.1
21 silly currentTree | +-- brace-expansion@1.1.8
21 silly currentTree | +-- concat-map@0.0.1
21 silly currentTree | +-- cordova-common@2.2.0
21 silly currentTree | +-- cordova-registry-mapper@1.1.15
21 silly currentTree | +-- desktop.ini
21 silly currentTree | +-- elementtree@0.1.6
21 silly currentTree | +-- glob@5.0.15
21 silly currentTree | +-- inflight@1.0.6
21 silly currentTree | +-- inherits@2.0.3
21 silly currentTree | +-- lodash@3.10.1
21 silly currentTree | +-- minimatch@3.0.4
21 silly currentTree | +-- nopt@3.0.6
21 silly currentTree | +-- once@1.4.0
21 silly currentTree | +-- os-homedir@1.0.2
21 silly currentTree | +-- os-tmpdir@1.0.2
21 silly currentTree | +-- osenv@0.1.4
21 silly currentTree | +-- path-is-absolute@1.0.1
21 silly currentTree | +-- plist@1.2.0
21 silly currentTree | +-- properties-parser@0.2.3
21 silly currentTree | +-- q@1.5.1
21 silly currentTree | +-- sax@0.3.5
21 silly currentTree | +-- semver@5.4.1
21 silly currentTree | +-- shelljs@0.5.3
21 silly currentTree | +-- underscore@1.8.3
21 silly currentTree | +-- unorm@1.4.1
21 silly currentTree | +-- util-deprecate@1.0.2
21 silly currentTree | +-- wrappy@1.0.2
21 silly currentTree | +-- xmlbuilder@4.0.0
21 silly currentTree | `-- xmldom@0.1.27
21 silly currentTree +-- cordova-app-hello-world@3.12.0
21 silly currentTree +-- cordova-browser@5.0.3
21 silly currentTree | +-- abbrev@1.1.1
21 silly currentTree | +-- accepts@1.3.4
21 silly currentTree | +-- ansi-regex@2.1.1
21 silly currentTree | +-- ansi-styles@2.2.1
21 silly currentTree | +-- ansi@0.3.1
21 silly currentTree | +-- array-flatten@1.1.1
21 silly currentTree | +-- balanced-match@1.0.0
21 silly currentTree | +-- base64-js@0.0.8
21 silly currentTree | +-- big-integer@1.6.26
21 silly currentTree | +-- body-parser@1.18.2
21 silly currentTree | +-- bplist-parser@0.1.1
21 silly currentTree | +-- brace-expansion@1.1.8
21 silly currentTree | +-- bytes@3.0.0
21 silly currentTree | +-- chalk@1.1.3
21 silly currentTree | +-- compressible@2.0.12
21 silly currentTree | +-- compression@1.7.1
21 silly currentTree | +-- concat-map@0.0.1
21 silly currentTree | +-- content-disposition@0.5.2
21 silly currentTree | +-- content-type@1.0.4
21 silly currentTree | +-- cookie-signature@1.0.6
21 silly currentTree | +-- cookie@0.3.1
21 silly currentTree | +-- cordova-common@2.2.0
21 silly currentTree | +-- cordova-registry-mapper@1.1.15
21 silly currentTree | +-- cordova-serve@2.0.0
21 silly currentTree | +-- debug@2.6.9
21 silly currentTree | +-- depd@1.1.1
21 silly currentTree | +-- desktop.ini
21 silly currentTree | +-- destroy@1.0.4
21 silly currentTree | +-- ee-first@1.1.1
21 silly currentTree | +-- elementtree@0.1.6
21 silly currentTree | +-- encodeurl@1.0.1
21 silly currentTree | +-- escape-html@1.0.3
21 silly currentTree | +-- escape-string-regexp@1.0.5
21 silly currentTree | +-- etag@1.8.1
21 silly currentTree | +-- express@4.16.2
21 silly currentTree | +-- finalhandler@1.1.0
21 silly currentTree | +-- forwarded@0.1.2
21 silly currentTree | +-- fresh@0.5.2
21 silly currentTree | +-- glob@5.0.15
21 silly currentTree | +-- has-ansi@2.0.0
21 silly currentTree | +-- http-errors@1.6.2
21 silly currentTree | | +-- desktop.ini
21 silly currentTree | | `-- setprototypeof@1.0.3
21 silly currentTree | +-- iconv-lite@0.4.19
21 silly currentTree | +-- inflight@1.0.6
21 silly currentTree | +-- inherits@2.0.3
21 silly currentTree | +-- ipaddr.js@1.5.2
21 silly currentTree | +-- lodash@3.10.1
21 silly currentTree | +-- media-typer@0.3.0
21 silly currentTree | +-- merge-descriptors@1.0.1
21 silly currentTree | +-- methods@1.1.2
21 silly currentTree | +-- mime-db@1.30.0
21 silly currentTree | +-- mime-types@2.1.17
21 silly currentTree | +-- mime@1.4.1
21 silly currentTree | +-- minimatch@3.0.4
21 silly currentTree | +-- ms@2.0.0
21 silly currentTree | +-- negotiator@0.6.1
21 silly currentTree | +-- nopt@3.0.6
21 silly currentTree | +-- on-finished@2.3.0
21 silly currentTree | +-- on-headers@1.0.1
21 silly currentTree | +-- once@1.4.0
21 silly currentTree | +-- open@0.0.5
21 silly currentTree | +-- os-homedir@1.0.2
21 silly currentTree | +-- os-tmpdir@1.0.2
21 silly currentTree | +-- osenv@0.1.4
21 silly currentTree | +-- parseurl@1.3.2
21 silly currentTree | +-- path-is-absolute@1.0.1
21 silly currentTree | +-- path-to-regexp@0.1.7
21 silly currentTree | +-- plist@1.2.0
21 silly currentTree | +-- proxy-addr@2.0.2
21 silly currentTree | +-- q@1.5.1
21 silly currentTree | +-- qs@6.5.1
21 silly currentTree | +-- range-parser@1.2.0
21 silly currentTree | +-- raw-body@2.3.2
21 silly currentTree | +-- safe-buffer@5.1.1
21 silly currentTree | +-- sax@0.3.5
21 silly currentTree | +-- semver@5.4.1
21 silly currentTree | +-- send@0.16.1
21 silly currentTree | +-- serve-static@1.13.1
21 silly currentTree | +-- setprototypeof@1.1.0
21 silly currentTree | +-- shelljs@0.5.3
21 silly currentTree | +-- statuses@1.3.1
21 silly currentTree | +-- strip-ansi@3.0.1
21 silly currentTree | +-- supports-color@2.0.0
21 silly currentTree | +-- type-is@1.6.15
21 silly currentTree | +-- underscore@1.8.3
21 silly currentTree | +-- unorm@1.4.1
21 silly currentTree | +-- unpipe@1.0.0
21 silly currentTree | +-- util-deprecate@1.0.2
21 silly currentTree | +-- utils-merge@1.0.1
21 silly currentTree | +-- vary@1.1.2
21 silly currentTree | +-- wrappy@1.0.2
21 silly currentTree | +-- xmlbuilder@4.0.0
21 silly currentTree | `-- xmldom@0.1.27
21 silly currentTree +-- cordova-common@2.2.1
21 silly currentTree +-- cordova-create@1.1.2
21 silly currentTree | +-- desktop.ini
21 silly currentTree | +-- q@1.0.1
21 silly currentTree | `-- shelljs@0.3.0
21 silly currentTree +-- cordova-fetch@1.3.0
21 silly currentTree | +-- desktop.ini
21 silly currentTree | +-- glob@7.1.2
21 silly currentTree | `-- shelljs@0.7.8
21 silly currentTree +-- cordova-ios@4.5.4
21 silly currentTree | +-- abbrev@1.1.1
21 silly currentTree | +-- ansi@0.3.1
21 silly currentTree | +-- balanced-match@1.0.0
21 silly currentTree | +-- base64-js@0.0.8
21 silly currentTree | +-- big-integer@1.6.25
21 silly currentTree | +-- bplist-creator@0.0.7
21 silly currentTree | +-- bplist-parser@0.1.1
21 silly currentTree | +-- brace-expansion@1.1.8
21 silly currentTree | +-- concat-map@0.0.1
21 silly currentTree | +-- cordova-common@2.1.0
21 silly currentTree | +-- cordova-registry-mapper@1.1.15
21 silly currentTree | +-- desktop.ini
21 silly currentTree | +-- elementtree@0.1.6
21 silly currentTree | +-- glob@5.0.15
21 silly currentTree | +-- inflight@1.0.6
21 silly currentTree | +-- inherits@2.0.3
21 silly currentTree | +-- ios-sim@6.1.2
21 silly currentTree | | +-- bplist-parser@0.0.6
21 silly currentTree | | +-- desktop.ini
21 silly currentTree | | `-- nopt@1.0.9
21 silly currentTree | +-- lodash@3.10.1
21 silly currentTree | +-- minimatch@3.0.4
21 silly currentTree | +-- nopt@3.0.6
21 silly currentTree | +-- once@1.4.0
21 silly currentTree | +-- os-homedir@1.0.2
21 silly currentTree | +-- os-tmpdir@1.0.2
21 silly currentTree | +-- osenv@0.1.4
21 silly currentTree | +-- path-is-absolute@1.0.1
21 silly currentTree | +-- pegjs@0.10.0
21 silly currentTree | +-- plist@1.2.0
21 silly currentTree | +-- q@1.5.1
21 silly currentTree | +-- sax@0.3.5
21 silly currentTree | +-- semver@5.4.1
21 silly currentTree | +-- shelljs@0.5.3
21 silly currentTree | +-- simctl@1.1.1
21 silly currentTree | | +-- desktop.ini
21 silly currentTree | | `-- shelljs@0.2.6
21 silly currentTree | +-- simple-plist@0.2.1
21 silly currentTree | | +-- base64-js@1.1.2
21 silly currentTree | | +-- desktop.ini
21 silly currentTree | | +-- plist@2.0.1
21 silly currentTree | | `-- xmlbuilder@8.2.2
21 silly currentTree | +-- stream-buffers@2.2.0
21 silly currentTree | +-- tail@0.4.0
21 silly currentTree | +-- underscore@1.8.3
21 silly currentTree | +-- unorm@1.4.1
21 silly currentTree | +-- util-deprecate@1.0.2
21 silly currentTree | +-- uuid@3.0.1
21 silly currentTree | +-- wrappy@1.0.2
21 silly currentTree | +-- xcode@0.9.3
21 silly currentTree | +-- xml-escape@1.1.0
21 silly currentTree | +-- xmlbuilder@4.0.0
21 silly currentTree | `-- xmldom@0.1.27
21 silly currentTree +-- cordova-js@4.2.2
21 silly currentTree +-- cordova-lib@8.0.0
21 silly currentTree | +-- base64-js@1.1.2
21 silly currentTree | +-- desktop.ini
21 silly currentTree | +-- glob@7.1.1
21 silly currentTree | +-- nopt@4.0.1
21 silly currentTree | +-- plist@2.0.1
21 silly currentTree | +-- q@1.0.1
21 silly currentTree | +-- shelljs@0.3.0
21 silly currentTree | `-- xmlbuilder@8.2.2
21 silly currentTree +-- cordova-plugin-camera@4.0.2
21 silly currentTree +-- cordova-plugin-console@1.1.0
21 silly currentTree +-- cordova-plugin-dialogs@2.0.1
21 silly currentTree +-- cordova-plugin-file-transfer@1.7.1
21 silly currentTree +-- cordova-plugin-file@6.0.1
21 silly currentTree +-- cordova-plugin-geolocation@4.0.1
21 silly currentTree +-- cordova-plugin-googlemaps@2.2.9
21 silly currentTree | +-- desktop.ini
21 silly currentTree | `-- minimist@1.2.0
21 silly currentTree +-- cordova-plugin-inappbrowser@2.0.2
21 silly currentTree +-- cordova-plugin-media-capture@3.0.1
21 silly currentTree +-- cordova-plugin-media@5.0.2
21 silly currentTree +-- cordova-plugin-network-information@2.0.1
21 silly currentTree +-- cordova-plugin-whitelist@1.3.3
21 silly currentTree +-- cordova-registry-mapper@1.1.15
21 silly currentTree +-- cordova-serve@2.0.0
21 silly currentTree +-- cordova@8.0.0
21 silly currentTree +-- core-util-is@1.0.2
21 silly currentTree +-- create-ecdh@4.0.0
21 silly currentTree +-- create-hash@1.1.3
21 silly currentTree +-- create-hmac@1.1.6
21 silly currentTree +-- cryptiles@2.0.5
21 silly currentTree +-- crypto-browserify@3.12.0
21 silly currentTree +-- dashdash@1.14.1
21 silly currentTree | +-- assert-plus@1.0.0
21 silly currentTree | `-- desktop.ini
21 silly currentTree +-- date-now@0.1.4
21 silly currentTree +-- debug@2.6.9
21 silly currentTree +-- deep-extend@0.4.2
21 silly currentTree +-- defined@1.0.0
21 silly currentTree +-- delayed-stream@1.0.0
21 silly currentTree +-- dep-graph@1.1.0
21 silly currentTree | +-- desktop.ini
21 silly currentTree | `-- underscore@1.2.1
21 silly currentTree +-- depd@1.1.2
21 silly currentTree +-- dependency-ls@1.1.1
21 silly currentTree | +-- desktop.ini
21 silly currentTree | `-- q@1.4.1
21 silly currentTree +-- deps-sort@2.0.0
21 silly currentTree +-- des.js@1.0.0
21 silly currentTree +-- desktop.ini
21 silly currentTree +-- destroy@1.0.4
21 silly currentTree +-- detect-indent@5.0.0
21 silly currentTree +-- detective@4.7.1
21 silly currentTree +-- diffie-hellman@5.0.2
21 silly currentTree +-- domain-browser@1.1.7
21 silly currentTree +-- dot-prop@3.0.0
21 silly currentTree +-- duplexer2@0.1.4
21 silly currentTree +-- duplexify@3.5.4
21 silly currentTree +-- ecc-jsbn@0.1.1
21 silly currentTree +-- editor@1.0.0
21 silly currentTree +-- ee-first@1.1.1
21 silly currentTree +-- elementtree@0.1.6
21 silly currentTree +-- elliptic@6.4.0
21 silly currentTree +-- encodeurl@1.0.2
21 silly currentTree +-- end-of-stream@1.4.1
21 silly currentTree +-- escape-html@1.0.3
21 silly currentTree +-- escape-string-regexp@1.0.5
21 silly currentTree +-- etag@1.8.1
21 silly currentTree +-- events@1.1.1
21 silly currentTree +-- evp_bytestokey@1.0.3
21 silly currentTree +-- exit-hook@1.1.1
21 silly currentTree +-- express@4.16.3
21 silly currentTree +-- extend@3.0.1
21 silly currentTree +-- extsprintf@1.3.0
21 silly currentTree +-- falafel@2.1.0
21 silly currentTree +-- figures@1.7.0
21 silly currentTree +-- finalhandler@1.1.1
21 silly currentTree +-- foreach@2.0.5
21 silly currentTree +-- forever-agent@0.6.1
21 silly currentTree +-- form-data@2.1.4
21 silly currentTree +-- forwarded@0.1.2
21 silly currentTree +-- fresh@0.5.2
21 silly currentTree +-- fs.realpath@1.0.0
21 silly currentTree +-- fstream@1.0.11
21 silly currentTree +-- function-bind@1.1.1
21 silly currentTree +-- generate-function@2.0.0
21 silly currentTree +-- generate-object-property@1.2.0
21 silly currentTree +-- getpass@0.1.7
21 silly currentTree | +-- assert-plus@1.0.0
21 silly currentTree | `-- desktop.ini
21 silly currentTree +-- glob@5.0.15
21 silly currentTree +-- got@3.3.1
21 silly currentTree | +-- desktop.ini
21 silly currentTree | `-- object-assign@3.0.0
21 silly currentTree +-- graceful-fs@4.1.11
21 silly currentTree +-- har-validator@2.0.6
21 silly currentTree +-- has-ansi@2.0.0
21 silly currentTree +-- has@1.0.1
21 silly currentTree +-- hash-base@2.0.2
21 silly currentTree +-- hash.js@1.1.3
21 silly currentTree +-- hawk@3.1.3
21 silly currentTree +-- hmac-drbg@1.0.1
21 silly currentTree +-- hoek@2.16.3
21 silly currentTree +-- hosted-git-info@2.6.0
21 silly currentTree +-- htmlescape@1.1.1
21 silly currentTree +-- http-errors@1.6.3
21 silly currentTree +-- http-signature@1.1.1
21 silly currentTree +-- https-browserify@1.0.0
21 silly currentTree +-- iconv-lite@0.4.19
21 silly currentTree +-- ieee754@1.1.11
21 silly currentTree +-- imurmurhash@0.1.4
21 silly currentTree +-- indexof@0.0.1
21 silly currentTree +-- infinity-agent@2.0.3
21 silly currentTree +-- inflight@1.0.6
21 silly currentTree +-- inherits@2.0.3
21 silly currentTree +-- ini@1.3.5
21 silly currentTree +-- init-package-json@1.10.3
21 silly currentTree | +-- desktop.ini
21 silly currentTree | `-- glob@7.1.2
21 silly currentTree +-- inline-source-map@0.6.2
21 silly currentTree +-- inquirer@0.10.1
21 silly currentTree +-- insert-module-globals@7.0.5
21 silly currentTree | +-- concat-stream@1.6.2
21 silly currentTree | `-- desktop.ini
21 silly currentTree +-- insight@0.8.4
21 silly currentTree | +-- configstore@1.4.0
21 silly currentTree | | +-- desktop.ini
21 silly currentTree | | `-- uuid@2.0.3
21 silly currentTree | +-- desktop.ini
21 silly currentTree | `-- uuid@3.2.1
21 silly currentTree +-- interpret@1.1.0
21 silly currentTree +-- ipaddr.js@1.6.0
21 silly currentTree +-- is-buffer@1.1.6
21 silly currentTree +-- is-builtin-module@1.0.0
21 silly currentTree +-- is-finite@1.0.2
21 silly currentTree +-- is-fullwidth-code-point@1.0.0
21 silly currentTree +-- is-my-ip-valid@1.0.0
21 silly currentTree +-- is-my-json-valid@2.17.2
21 silly currentTree +-- is-npm@1.0.0
21 silly currentTree +-- is-obj@1.0.1
21 silly currentTree +-- is-property@1.0.2
21 silly currentTree +-- is-redirect@1.0.0
21 silly currentTree +-- is-stream@1.1.0
21 silly currentTree +-- is-typedarray@1.0.0
21 silly currentTree +-- is-url@1.2.4
21 silly currentTree +-- isarray@0.0.1
21 silly currentTree +-- isstream@0.1.2
21 silly currentTree +-- jsbn@0.1.1
21 silly currentTree +-- json-parse-better-errors@1.0.2
21 silly currentTree +-- json-schema@0.2.3
21 silly currentTree +-- json-stable-stringify@0.0.1
21 silly currentTree +-- json-stringify-safe@5.0.1
21 silly currentTree +-- jsonify@0.0.0
21 silly currentTree +-- jsonparse@1.3.1
21 silly currentTree +-- jsonpointer@4.0.1
21 silly currentTree +-- JSONStream@1.3.2
21 silly currentTree +-- jsprim@1.4.1
21 silly currentTree | +-- assert-plus@1.0.0
21 silly currentTree | `-- desktop.ini
21 silly currentTree +-- labeled-stream-splicer@2.0.1
21 silly currentTree | +-- desktop.ini
21 silly currentTree | `-- isarray@2.0.4
21 silly currentTree +-- latest-version@1.0.1
21 silly currentTree +-- lexical-scope@1.2.0
21 silly currentTree +-- lodash._getnative@3.9.1
21 silly currentTree +-- lodash.debounce@3.1.1
21 silly currentTree +-- lodash.memoize@3.0.4
21 silly currentTree +-- lodash@3.10.1
21 silly currentTree +-- lowercase-keys@1.0.1
21 silly currentTree +-- md5.js@1.3.4
21 silly currentTree | +-- desktop.ini
21 silly currentTree | `-- hash-base@3.0.4
21 silly currentTree +-- media-typer@0.3.0
21 silly currentTree +-- merge-descriptors@1.0.1
21 silly currentTree +-- methods@1.1.2
21 silly currentTree +-- miller-rabin@4.0.1
21 silly currentTree +-- mime-db@1.33.0
21 silly currentTree +-- mime-types@2.1.18
21 silly currentTree +-- mime@1.4.1
21 silly currentTree +-- minimalistic-assert@1.0.0
21 silly currentTree +-- minimalistic-crypto-utils@1.0.1
21 silly currentTree +-- minimatch@3.0.4
21 silly currentTree +-- minimist@0.0.8
21 silly currentTree +-- mkdirp@0.5.1
21 silly currentTree +-- module-deps@4.1.1
21 silly currentTree +-- ms@2.0.0
21 silly currentTree +-- mute-stream@0.0.7
21 silly currentTree +-- negotiator@0.6.1
21 silly currentTree +-- nested-error-stacks@1.0.2
21 silly currentTree +-- nopt@3.0.1
21 silly currentTree +-- normalize-package-data@2.4.0
21 silly currentTree +-- npm-package-arg@6.0.0
21 silly currentTree +-- number-is-nan@1.0.1
21 silly currentTree +-- oauth-sign@0.8.2
21 silly currentTree +-- object-assign@4.1.1
21 silly currentTree +-- object-keys@1.0.11
21 silly currentTree +-- on-finished@2.3.0
21 silly currentTree +-- on-headers@1.0.1
21 silly currentTree +-- once@1.4.0
21 silly currentTree +-- onesignal-cordova-plugin@2.4.0
21 silly currentTree +-- onetime@1.1.0
21 silly currentTree +-- open@0.0.5
21 silly currentTree +-- opener@1.4.2
21 silly currentTree +-- os-browserify@0.1.2
21 silly currentTree +-- os-homedir@1.0.2
21 silly currentTree +-- os-name@1.0.3
21 silly currentTree +-- os-tmpdir@1.0.2
21 silly currentTree +-- osenv@0.1.5
21 silly currentTree +-- osx-release@1.1.0
21 silly currentTree | +-- desktop.ini
21 silly currentTree | `-- minimist@1.2.0
21 silly currentTree +-- package-json@1.2.0
21 silly currentTree +-- pako@0.2.9
21 silly currentTree +-- parents@1.0.1
21 silly currentTree +-- parse-asn1@5.1.0
21 silly currentTree +-- parseurl@1.3.2
21 silly currentTree +-- path-browserify@0.0.0
21 silly currentTree +-- path-is-absolute@1.0.1
21 silly currentTree +-- path-parse@1.0.5
21 silly currentTree +-- path-platform@0.11.15
21 silly currentTree +-- path-to-regexp@0.1.7
21 silly currentTree +-- pbkdf2@3.0.14
21 silly currentTree +-- pegjs@0.10.0
21 silly currentTree +-- pinkie-promise@2.0.1
21 silly currentTree +-- pinkie@2.0.4
21 silly currentTree +-- plist@1.2.0
21 silly currentTree +-- prepend-http@1.0.4
21 silly currentTree +-- process-nextick-args@2.0.0
21 silly currentTree +-- process@0.11.10
21 silly currentTree +-- promzard@0.3.0
21 silly currentTree +-- properties-parser@0.3.1
21 silly currentTree +-- proxy-addr@2.0.3
21 silly currentTree +-- public-encrypt@4.0.0
21 silly currentTree +-- punycode@1.4.1
21 silly currentTree +-- q@1.5.1
21 silly currentTree +-- qs@6.5.1
21 silly currentTree +-- querystring-es3@0.2.1
21 silly currentTree +-- querystring@0.2.0
21 silly currentTree +-- randombytes@2.0.6
21 silly currentTree +-- randomfill@1.0.4
21 silly currentTree +-- range-parser@1.2.0
21 silly currentTree +-- raw-body@2.3.2
21 silly currentTree | +-- depd@1.1.1
21 silly currentTree | +-- desktop.ini
21 silly currentTree | +-- http-errors@1.6.2
21 silly currentTree | `-- setprototypeof@1.0.3
21 silly currentTree +-- rc@1.2.6
21 silly currentTree | +-- desktop.ini
21 silly currentTree | `-- minimist@1.2.0
21 silly currentTree +-- read-all-stream@3.1.0
21 silly currentTree +-- read-only-stream@2.0.0
21 silly currentTree +-- read-package-json@2.0.13
21 silly currentTree | +-- desktop.ini
21 silly currentTree | `-- glob@7.1.2
21 silly currentTree +-- read@1.0.7
21 silly currentTree +-- readable-stream@2.3.5
21 silly currentTree | +-- desktop.ini
21 silly currentTree | `-- isarray@1.0.0
21 silly currentTree +-- readline2@1.0.1
21 silly currentTree | +-- desktop.ini
21 silly currentTree | `-- mute-stream@0.0.5
21 silly currentTree +-- rechoir@0.6.2
21 silly currentTree +-- registry-url@3.1.0
21 silly currentTree +-- repeating@1.1.3
21 silly currentTree +-- request@2.79.0
21 silly currentTree | +-- desktop.ini
21 silly currentTree | +-- qs@6.3.2
21 silly currentTree | `-- uuid@3.2.1
21 silly currentTree +-- resolve@1.6.0
21 silly currentTree +-- restore-cursor@1.0.1
21 silly currentTree +-- rimraf@2.6.2
21 silly currentTree | +-- desktop.ini
21 silly currentTree | `-- glob@7.1.2
21 silly currentTree +-- ripemd160@2.0.1
21 silly currentTree +-- run-async@0.1.0
21 silly currentTree +-- rx-lite@3.1.2
21 silly currentTree +-- safe-buffer@5.1.1
21 silly currentTree +-- sax@0.3.5
21 silly currentTree +-- semver-diff@2.1.0
21 silly currentTree +-- semver@5.5.0
21 silly currentTree +-- send@0.16.2
21 silly currentTree +-- serve-static@1.13.2
21 silly currentTree +-- setprototypeof@1.1.0
21 silly currentTree +-- sha.js@2.4.11
21 silly currentTree +-- shasum@1.0.2
21 silly currentTree +-- shell-quote@1.6.1
21 silly currentTree +-- shelljs@0.5.3
21 silly currentTree +-- simple-plist@0.2.1
21 silly currentTree | +-- base64-js@1.1.2
21 silly currentTree | +-- desktop.ini
21 silly currentTree | +-- plist@2.0.1
21 silly currentTree | `-- xmlbuilder@8.2.2
21 silly currentTree +-- slash@1.0.0
21 silly currentTree +-- slide@1.1.6
21 silly currentTree +-- sntp@1.0.9
21 silly currentTree +-- source-map@0.5.7
21 silly currentTree +-- spdx-correct@3.0.0
21 silly currentTree +-- spdx-exceptions@2.1.0
21 silly currentTree +-- spdx-expression-parse@3.0.0
21 silly currentTree +-- spdx-license-ids@3.0.0
21 silly currentTree +-- sshpk@1.14.1
21 silly currentTree | +-- assert-plus@1.0.0
21 silly currentTree | `-- desktop.ini
21 silly currentTree +-- statuses@1.4.0
21 silly currentTree +-- stream-browserify@2.0.1
21 silly currentTree +-- stream-buffers@2.2.0
21 silly currentTree +-- stream-combiner2@1.1.1
21 silly currentTree +-- stream-http@2.8.1
21 silly currentTree +-- stream-shift@1.0.0
21 silly currentTree +-- stream-splicer@2.0.0
21 silly currentTree +-- string_decoder@1.0.3
21 silly currentTree +-- string-length@1.0.1
21 silly currentTree +-- string.prototype.codepointat@0.2.1
21 silly currentTree +-- stringstream@0.0.5
21 silly currentTree +-- strip-ansi@3.0.1
21 silly currentTree +-- strip-json-comments@2.0.1
21 silly currentTree +-- subarg@1.0.0
21 silly currentTree | +-- desktop.ini
21 silly currentTree | `-- minimist@1.2.0
21 silly currentTree +-- supports-color@2.0.0
21 silly currentTree +-- syntax-error@1.4.0
21 silly currentTree +-- tar@2.2.1
21 silly currentTree +-- through@2.3.8
21 silly currentTree +-- through2@2.0.3
21 silly currentTree +-- timed-out@2.0.0
21 silly currentTree +-- timers-browserify@1.4.2
21 silly currentTree +-- to-arraybuffer@1.0.1
21 silly currentTree +-- tough-cookie@2.3.4
21 silly currentTree +-- tty-browserify@0.0.1
21 silly currentTree +-- tunnel-agent@0.4.3
21 silly currentTree +-- tweetnacl@0.14.5
21 silly currentTree +-- type-is@1.6.16
21 silly currentTree +-- typedarray@0.0.6
21 silly currentTree +-- umd@3.0.3
21 silly currentTree +-- underscore@1.8.3
21 silly currentTree +-- unorm@1.4.1
21 silly currentTree +-- unpipe@1.0.0
21 silly currentTree +-- update-notifier@0.5.0
21 silly currentTree | +-- configstore@1.4.0
21 silly currentTree | `-- desktop.ini
21 silly currentTree +-- url@0.11.0
21 silly currentTree | +-- desktop.ini
21 silly currentTree | `-- punycode@1.3.2
21 silly currentTree +-- util-deprecate@1.0.2
21 silly currentTree +-- util@0.10.3
21 silly currentTree | +-- desktop.ini
21 silly currentTree | `-- inherits@2.0.1
21 silly currentTree +-- utils-merge@1.0.1
21 silly currentTree +-- uuid@2.0.3
21 silly currentTree +-- valid-identifier@0.0.1
21 silly currentTree +-- validate-npm-package-license@3.0.3
21 silly currentTree +-- validate-npm-package-name@3.0.0
21 silly currentTree +-- vary@1.1.2
21 silly currentTree +-- verror@1.10.0
21 silly currentTree | +-- assert-plus@1.0.0
21 silly currentTree | `-- desktop.ini
21 silly currentTree +-- vm-browserify@0.0.4
21 silly currentTree +-- win-release@1.1.1
21 silly currentTree +-- wrappy@1.0.2
21 silly currentTree +-- write-file-atomic@1.3.4
21 silly currentTree +-- xcode@1.0.0
21 silly currentTree | +-- desktop.ini
21 silly currentTree | `-- uuid@3.0.1
21 silly currentTree +-- xdg-basedir@2.0.0
21 silly currentTree +-- xml2js@0.4.19
21 silly currentTree | +-- sax@1.2.4
21 silly currentTree | `-- xmlbuilder@9.0.7
21 silly currentTree +-- xmlbuilder@4.0.0
21 silly currentTree +-- xmldom@0.1.27
21 silly currentTree `-- xtend@4.0.1
22 silly idealTree fr.rainetcom.colisclub@1.0.0
22 silly idealTree +-- abbrev@1.1.1
22 silly idealTree +-- accepts@1.3.5
22 silly idealTree +-- acorn-node@1.3.0
22 silly idealTree +-- acorn@5.5.3
22 silly idealTree +-- aliasify@2.1.0
22 silly idealTree +-- ansi-escapes@1.4.0
22 silly idealTree +-- ansi-regex@2.1.1
22 silly idealTree +-- ansi-styles@2.2.1
22 silly idealTree +-- ansi@0.3.1
22 silly idealTree +-- array-filter@0.0.1
22 silly idealTree +-- array-flatten@1.1.1
22 silly idealTree +-- array-map@0.0.0
22 silly idealTree +-- array-reduce@0.0.0
22 silly idealTree +-- asn1.js@4.10.1
22 silly idealTree +-- asn1@0.2.3
22 silly idealTree +-- assert-plus@0.2.0
22 silly idealTree +-- assert@1.4.1
22 silly idealTree +-- astw@2.2.0
22 silly idealTree | +-- acorn@4.0.13
22 silly idealTree | `-- desktop.ini
22 silly idealTree +-- async@1.5.2
22 silly idealTree +-- asynckit@0.4.0
22 silly idealTree +-- aws-sign2@0.6.0
22 silly idealTree +-- aws4@1.6.0
22 silly idealTree +-- balanced-match@1.0.0
22 silly idealTree +-- base64-js@0.0.8
22 silly idealTree +-- bcrypt-pbkdf@1.0.1
22 silly idealTree +-- big-integer@1.6.27
22 silly idealTree +-- block-stream@0.0.9
22 silly idealTree +-- bn.js@4.11.8
22 silly idealTree +-- body-parser@1.18.2
22 silly idealTree +-- boom@2.10.1
22 silly idealTree +-- bplist-creator@0.0.7
22 silly idealTree +-- bplist-parser@0.1.1
22 silly idealTree +-- brace-expansion@1.1.11
22 silly idealTree +-- brorand@1.1.0
22 silly idealTree +-- browser-pack@6.1.0
22 silly idealTree +-- browser-resolve@1.11.2
22 silly idealTree | +-- desktop.ini
22 silly idealTree | `-- resolve@1.1.7
22 silly idealTree +-- browserify-aes@1.1.1
22 silly idealTree +-- browserify-cipher@1.0.0
22 silly idealTree +-- browserify-des@1.0.0
22 silly idealTree +-- browserify-rsa@4.0.1
22 silly idealTree +-- browserify-sign@4.0.4
22 silly idealTree +-- browserify-transform-tools@1.7.0
22 silly idealTree +-- browserify-zlib@0.1.4
22 silly idealTree +-- browserify@14.4.0
22 silly idealTree | +-- desktop.ini
22 silly idealTree | `-- glob@7.1.2
22 silly idealTree +-- buffer-from@1.0.0
22 silly idealTree +-- buffer-xor@1.0.3
22 silly idealTree +-- buffer@5.1.0
22 silly idealTree | +-- base64-js@1.2.3
22 silly idealTree | `-- desktop.ini
22 silly idealTree +-- builtin-modules@1.1.1
22 silly idealTree +-- builtin-status-codes@3.0.0
22 silly idealTree +-- builtins@1.0.3
22 silly idealTree +-- bytes@3.0.0
22 silly idealTree +-- cached-path-relative@1.0.1
22 silly idealTree +-- caseless@0.11.0
22 silly idealTree +-- chalk@1.1.3
22 silly idealTree +-- cipher-base@1.0.4
22 silly idealTree +-- cli-cursor@1.0.2
22 silly idealTree +-- cli-width@1.1.1
22 silly idealTree +-- code-point-at@1.1.0
22 silly idealTree +-- combine-source-map@0.8.0
22 silly idealTree +-- combined-stream@1.0.6
22 silly idealTree +-- commander@2.15.1
22 silly idealTree +-- compressible@2.0.13
22 silly idealTree +-- compression@1.7.2
22 silly idealTree +-- concat-map@0.0.1
22 silly idealTree +-- concat-stream@1.5.2
22 silly idealTree | +-- desktop.ini
22 silly idealTree | +-- isarray@1.0.0
22 silly idealTree | +-- process-nextick-args@1.0.7
22 silly idealTree | +-- readable-stream@2.0.6
22 silly idealTree | `-- string_decoder@0.10.31
22 silly idealTree +-- configstore@2.1.0
22 silly idealTree +-- console-browserify@1.1.0
22 silly idealTree +-- constants-browserify@1.0.0
22 silly idealTree +-- content-disposition@0.5.2
22 silly idealTree +-- content-type@1.0.4
22 silly idealTree +-- convert-source-map@1.1.3
22 silly idealTree +-- cookie-signature@1.0.6
22 silly idealTree +-- cookie@0.3.1
22 silly idealTree +-- cordova-android-play-services-gradle-release@1.4.1
22 silly idealTree +-- cordova-android@7.0.0
22 silly idealTree | +-- abbrev@1.1.1
22 silly idealTree | +-- android-versions@1.2.1
22 silly idealTree | +-- ansi@0.3.1
22 silly idealTree | +-- balanced-match@1.0.0
22 silly idealTree | +-- base64-js@0.0.8
22 silly idealTree | +-- big-integer@1.6.26
22 silly idealTree | +-- bplist-parser@0.1.1
22 silly idealTree | +-- brace-expansion@1.1.8
22 silly idealTree | +-- concat-map@0.0.1
22 silly idealTree | +-- cordova-common@2.2.0
22 silly idealTree | +-- cordova-registry-mapper@1.1.15
22 silly idealTree | +-- desktop.ini
22 silly idealTree | +-- elementtree@0.1.6
22 silly idealTree | +-- glob@5.0.15
22 silly idealTree | +-- inflight@1.0.6
22 silly idealTree | +-- inherits@2.0.3
22 silly idealTree | +-- lodash@3.10.1
22 silly idealTree | +-- minimatch@3.0.4
22 silly idealTree | +-- nopt@3.0.6
22 silly idealTree | +-- once@1.4.0
22 silly idealTree | +-- os-homedir@1.0.2
22 silly idealTree | +-- os-tmpdir@1.0.2
22 silly idealTree | +-- osenv@0.1.4
22 silly idealTree | +-- path-is-absolute@1.0.1
22 silly idealTree | +-- plist@1.2.0
22 silly idealTree | +-- properties-parser@0.2.3
22 silly idealTree | +-- q@1.5.1
22 silly idealTree | +-- sax@0.3.5
22 silly idealTree | +-- semver@5.4.1
22 silly idealTree | +-- shelljs@0.5.3
22 silly idealTree | +-- underscore@1.8.3
22 silly idealTree | +-- unorm@1.4.1
22 silly idealTree | +-- util-deprecate@1.0.2
22 silly idealTree | +-- wrappy@1.0.2
22 silly idealTree | +-- xmlbuilder@4.0.0
22 silly idealTree | `-- xmldom@0.1.27
22 silly idealTree +-- cordova-app-hello-world@3.12.0
22 silly idealTree +-- cordova-browser@5.0.3
22 silly idealTree | +-- abbrev@1.1.1
22 silly idealTree | +-- accepts@1.3.4
22 silly idealTree | +-- ansi-regex@2.1.1
22 silly idealTree | +-- ansi-styles@2.2.1
22 silly idealTree | +-- ansi@0.3.1
22 silly idealTree | +-- array-flatten@1.1.1
22 silly idealTree | +-- balanced-match@1.0.0
22 silly idealTree | +-- base64-js@0.0.8
22 silly idealTree | +-- big-integer@1.6.26
22 silly idealTree | +-- body-parser@1.18.2
22 silly idealTree | +-- bplist-parser@0.1.1
22 silly idealTree | +-- brace-expansion@1.1.8
22 silly idealTree | +-- bytes@3.0.0
22 silly idealTree | +-- chalk@1.1.3
22 silly idealTree | +-- compressible@2.0.12
22 silly idealTree | +-- compression@1.7.1
22 silly idealTree | +-- concat-map@0.0.1
22 silly idealTree | +-- content-disposition@0.5.2
22 silly idealTree | +-- content-type@1.0.4
22 silly idealTree | +-- cookie-signature@1.0.6
22 silly idealTree | +-- cookie@0.3.1
22 silly idealTree | +-- cordova-common@2.2.0
22 silly idealTree | +-- cordova-registry-mapper@1.1.15
22 silly idealTree | +-- cordova-serve@2.0.0
22 silly idealTree | +-- debug@2.6.9
22 silly idealTree | +-- depd@1.1.1
22 silly idealTree | +-- desktop.ini
22 silly idealTree | +-- destroy@1.0.4
22 silly idealTree | +-- ee-first@1.1.1
22 silly idealTree | +-- elementtree@0.1.6
22 silly idealTree | +-- encodeurl@1.0.1
22 silly idealTree | +-- escape-html@1.0.3
22 silly idealTree | +-- escape-string-regexp@1.0.5
22 silly idealTree | +-- etag@1.8.1
22 silly idealTree | +-- express@4.16.2
22 silly idealTree | +-- finalhandler@1.1.0
22 silly idealTree | +-- forwarded@0.1.2
22 silly idealTree | +-- fresh@0.5.2
22 silly idealTree | +-- glob@5.0.15
22 silly idealTree | +-- has-ansi@2.0.0
22 silly idealTree | +-- http-errors@1.6.2
22 silly idealTree | | +-- desktop.ini
22 silly idealTree | | `-- setprototypeof@1.0.3
22 silly idealTree | +-- iconv-lite@0.4.19
22 silly idealTree | +-- inflight@1.0.6
22 silly idealTree | +-- inherits@2.0.3
22 silly idealTree | +-- ipaddr.js@1.5.2
22 silly idealTree | +-- lodash@3.10.1
22 silly idealTree | +-- media-typer@0.3.0
22 silly idealTree | +-- merge-descriptors@1.0.1
22 silly idealTree | +-- methods@1.1.2
22 silly idealTree | +-- mime-db@1.30.0
22 silly idealTree | +-- mime-types@2.1.17
22 silly idealTree | +-- mime@1.4.1
22 silly idealTree | +-- minimatch@3.0.4
22 silly idealTree | +-- ms@2.0.0
22 silly idealTree | +-- negotiator@0.6.1
22 silly idealTree | +-- nopt@3.0.6
22 silly idealTree | +-- on-finished@2.3.0
22 silly idealTree | +-- on-headers@1.0.1
22 silly idealTree | +-- once@1.4.0
22 silly idealTree | +-- open@0.0.5
22 silly idealTree | +-- os-homedir@1.0.2
22 silly idealTree | +-- os-tmpdir@1.0.2
22 silly idealTree | +-- osenv@0.1.4
22 silly idealTree | +-- parseurl@1.3.2
22 silly idealTree | +-- path-is-absolute@1.0.1
22 silly idealTree | +-- path-to-regexp@0.1.7
22 silly idealTree | +-- plist@1.2.0
22 silly idealTree | +-- proxy-addr@2.0.2
22 silly idealTree | +-- q@1.5.1
22 silly idealTree | +-- qs@6.5.1
22 silly idealTree | +-- range-parser@1.2.0
22 silly idealTree | +-- raw-body@2.3.2
22 silly idealTree | +-- safe-buffer@5.1.1
22 silly idealTree | +-- sax@0.3.5
22 silly idealTree | +-- semver@5.4.1
22 silly idealTree | +-- send@0.16.1
22 silly idealTree | +-- serve-static@1.13.1
22 silly idealTree | +-- setprototypeof@1.1.0
22 silly idealTree | +-- shelljs@0.5.3
22 silly idealTree | +-- statuses@1.3.1
22 silly idealTree | +-- strip-ansi@3.0.1
22 silly idealTree | +-- supports-color@2.0.0
22 silly idealTree | +-- type-is@1.6.15
22 silly idealTree | +-- underscore@1.8.3
22 silly idealTree | +-- unorm@1.4.1
22 silly idealTree | +-- unpipe@1.0.0
22 silly idealTree | +-- util-deprecate@1.0.2
22 silly idealTree | +-- utils-merge@1.0.1
22 silly idealTree | +-- vary@1.1.2
22 silly idealTree | +-- wrappy@1.0.2
22 silly idealTree | +-- xmlbuilder@4.0.0
22 silly idealTree | `-- xmldom@0.1.27
22 silly idealTree +-- cordova-common@2.2.1
22 silly idealTree +-- cordova-create@1.1.2
22 silly idealTree | +-- desktop.ini
22 silly idealTree | +-- q@1.0.1
22 silly idealTree | `-- shelljs@0.3.0
22 silly idealTree +-- cordova-fetch@1.3.0
22 silly idealTree | +-- desktop.ini
22 silly idealTree | +-- glob@7.1.2
22 silly idealTree | `-- shelljs@0.7.8
22 silly idealTree +-- cordova-ios@4.5.4
22 silly idealTree | +-- abbrev@1.1.1
22 silly idealTree | +-- ansi@0.3.1
22 silly idealTree | +-- balanced-match@1.0.0
22 silly idealTree | +-- base64-js@0.0.8
22 silly idealTree | +-- big-integer@1.6.25
22 silly idealTree | +-- bplist-creator@0.0.7
22 silly idealTree | +-- bplist-parser@0.1.1
22 silly idealTree | +-- brace-expansion@1.1.8
22 silly idealTree | +-- concat-map@0.0.1
22 silly idealTree | +-- cordova-common@2.1.0
22 silly idealTree | +-- cordova-registry-mapper@1.1.15
22 silly idealTree | +-- desktop.ini
22 silly idealTree | +-- elementtree@0.1.6
22 silly idealTree | +-- glob@5.0.15
22 silly idealTree | +-- inflight@1.0.6
22 silly idealTree | +-- inherits@2.0.3
22 silly idealTree | +-- ios-sim@6.1.2
22 silly idealTree | | +-- bplist-parser@0.0.6
22 silly idealTree | | +-- desktop.ini
22 silly idealTree | | `-- nopt@1.0.9
22 silly idealTree | +-- lodash@3.10.1
22 silly idealTree | +-- minimatch@3.0.4
22 silly idealTree | +-- nopt@3.0.6
22 silly idealTree | +-- once@1.4.0
22 silly idealTree | +-- os-homedir@1.0.2
22 silly idealTree | +-- os-tmpdir@1.0.2
22 silly idealTree | +-- osenv@0.1.4
22 silly idealTree | +-- path-is-absolute@1.0.1
22 silly idealTree | +-- pegjs@0.10.0
22 silly idealTree | +-- plist@1.2.0
22 silly idealTree | +-- q@1.5.1
22 silly idealTree | +-- sax@0.3.5
22 silly idealTree | +-- semver@5.4.1
22 silly idealTree | +-- shelljs@0.5.3
22 silly idealTree | +-- simctl@1.1.1
22 silly idealTree | | +-- desktop.ini
22 silly idealTree | | `-- shelljs@0.2.6
22 silly idealTree | +-- simple-plist@0.2.1
22 silly idealTree | | +-- base64-js@1.1.2
22 silly idealTree | | +-- desktop.ini
22 silly idealTree | | +-- plist@2.0.1
22 silly idealTree | | `-- xmlbuilder@8.2.2
22 silly idealTree | +-- stream-buffers@2.2.0
22 silly idealTree | +-- tail@0.4.0
22 silly idealTree | +-- underscore@1.8.3
22 silly idealTree | +-- unorm@1.4.1
22 silly idealTree | +-- util-deprecate@1.0.2
22 silly idealTree | +-- uuid@3.0.1
22 silly idealTree | +-- wrappy@1.0.2
22 silly idealTree | +-- xcode@0.9.3
22 silly idealTree | +-- xml-escape@1.1.0
22 silly idealTree | +-- xmlbuilder@4.0.0
22 silly idealTree | `-- xmldom@0.1.27
22 silly idealTree +-- cordova-js@4.2.2
22 silly idealTree +-- cordova-lib@8.0.0
22 silly idealTree | +-- base64-js@1.1.2
22 silly idealTree | +-- desktop.ini
22 silly idealTree | +-- glob@7.1.1
22 silly idealTree | +-- nopt@4.0.1
22 silly idealTree | +-- plist@2.0.1
22 silly idealTree | +-- q@1.0.1
22 silly idealTree | +-- shelljs@0.3.0
22 silly idealTree | `-- xmlbuilder@8.2.2
22 silly idealTree +-- cordova-plugin-camera@4.0.2
22 silly idealTree +-- cordova-plugin-console@1.1.0
22 silly idealTree +-- cordova-plugin-dialogs@2.0.1
22 silly idealTree +-- cordova-plugin-file-transfer@1.7.1
22 silly idealTree +-- cordova-plugin-file@6.0.1
22 silly idealTree +-- cordova-plugin-googlemaps@2.2.9
22 silly idealTree | +-- desktop.ini
22 silly idealTree | `-- minimist@1.2.0
22 silly idealTree +-- cordova-plugin-inappbrowser@2.0.2
22 silly idealTree +-- cordova-plugin-media-capture@3.0.1
22 silly idealTree +-- cordova-plugin-media@5.0.2
22 silly idealTree +-- cordova-plugin-network-information@2.0.1
22 silly idealTree +-- cordova-plugin-whitelist@1.3.3
22 silly idealTree +-- cordova-registry-mapper@1.1.15
22 silly idealTree +-- cordova-serve@2.0.0
22 silly idealTree +-- cordova@8.0.0
22 silly idealTree +-- core-util-is@1.0.2
22 silly idealTree +-- create-ecdh@4.0.0
22 silly idealTree +-- create-hash@1.1.3
22 silly idealTree +-- create-hmac@1.1.6
22 silly idealTree +-- cryptiles@2.0.5
22 silly idealTree +-- crypto-browserify@3.12.0
22 silly idealTree +-- dashdash@1.14.1
22 silly idealTree | +-- assert-plus@1.0.0
22 silly idealTree | `-- desktop.ini
22 silly idealTree +-- date-now@0.1.4
22 silly idealTree +-- debug@2.6.9
22 silly idealTree +-- deep-extend@0.4.2
22 silly idealTree +-- defined@1.0.0
22 silly idealTree +-- delayed-stream@1.0.0
22 silly idealTree +-- dep-graph@1.1.0
22 silly idealTree | +-- desktop.ini
22 silly idealTree | `-- underscore@1.2.1
22 silly idealTree +-- depd@1.1.2
22 silly idealTree +-- dependency-ls@1.1.1
22 silly idealTree | +-- desktop.ini
22 silly idealTree | `-- q@1.4.1
22 silly idealTree +-- deps-sort@2.0.0
22 silly idealTree +-- des.js@1.0.0
22 silly idealTree +-- desktop.ini
22 silly idealTree +-- destroy@1.0.4
22 silly idealTree +-- detect-indent@5.0.0
22 silly idealTree +-- detective@4.7.1
22 silly idealTree +-- diffie-hellman@5.0.2
22 silly idealTree +-- domain-browser@1.1.7
22 silly idealTree +-- dot-prop@3.0.0
22 silly idealTree +-- duplexer2@0.1.4
22 silly idealTree +-- duplexify@3.5.4
22 silly idealTree +-- ecc-jsbn@0.1.1
22 silly idealTree +-- editor@1.0.0
22 silly idealTree +-- ee-first@1.1.1
22 silly idealTree +-- elementtree@0.1.6
22 silly idealTree +-- elliptic@6.4.0
22 silly idealTree +-- encodeurl@1.0.2
22 silly idealTree +-- end-of-stream@1.4.1
22 silly idealTree +-- escape-html@1.0.3
22 silly idealTree +-- escape-string-regexp@1.0.5
22 silly idealTree +-- etag@1.8.1
22 silly idealTree +-- events@1.1.1
22 silly idealTree +-- evp_bytestokey@1.0.3
22 silly idealTree +-- exit-hook@1.1.1
22 silly idealTree +-- express@4.16.3
22 silly idealTree +-- extend@3.0.1
22 silly idealTree +-- extsprintf@1.3.0
22 silly idealTree +-- falafel@2.1.0
22 silly idealTree +-- figures@1.7.0
22 silly idealTree +-- finalhandler@1.1.1
22 silly idealTree +-- foreach@2.0.5
22 silly idealTree +-- forever-agent@0.6.1
22 silly idealTree +-- form-data@2.1.4
22 silly idealTree +-- forwarded@0.1.2
22 silly idealTree +-- fresh@0.5.2
22 silly idealTree +-- fs.realpath@1.0.0
22 silly idealTree +-- fstream@1.0.11
22 silly idealTree +-- function-bind@1.1.1
22 silly idealTree +-- generate-function@2.0.0
22 silly idealTree +-- generate-object-property@1.2.0
22 silly idealTree +-- getpass@0.1.7
22 silly idealTree | +-- assert-plus@1.0.0
22 silly idealTree | `-- desktop.ini
22 silly idealTree +-- glob@5.0.15
22 silly idealTree +-- got@3.3.1
22 silly idealTree | +-- desktop.ini
22 silly idealTree | `-- object-assign@3.0.0
22 silly idealTree +-- graceful-fs@4.1.11
22 silly idealTree +-- har-validator@2.0.6
22 silly idealTree +-- has-ansi@2.0.0
22 silly idealTree +-- has@1.0.1
22 silly idealTree +-- hash-base@2.0.2
22 silly idealTree +-- hash.js@1.1.3
22 silly idealTree +-- hawk@3.1.3
22 silly idealTree +-- hmac-drbg@1.0.1
22 silly idealTree +-- hoek@2.16.3
22 silly idealTree +-- hosted-git-info@2.6.0
22 silly idealTree +-- htmlescape@1.1.1
22 silly idealTree +-- http-errors@1.6.3
22 silly idealTree +-- http-signature@1.1.1
22 silly idealTree +-- https-browserify@1.0.0
22 silly idealTree +-- iconv-lite@0.4.19
22 silly idealTree +-- ieee754@1.1.11
22 silly idealTree +-- imurmurhash@0.1.4
22 silly idealTree +-- indexof@0.0.1
22 silly idealTree +-- infinity-agent@2.0.3
22 silly idealTree +-- inflight@1.0.6
22 silly idealTree +-- inherits@2.0.3
22 silly idealTree +-- ini@1.3.5
22 silly idealTree +-- init-package-json@1.10.3
22 silly idealTree | +-- desktop.ini
22 silly idealTree | `-- glob@7.1.2
22 silly idealTree +-- inline-source-map@0.6.2
22 silly idealTree +-- inquirer@0.10.1
22 silly idealTree +-- insert-module-globals@7.0.5
22 silly idealTree | +-- concat-stream@1.6.2
22 silly idealTree | `-- desktop.ini
22 silly idealTree +-- insight@0.8.4
22 silly idealTree | +-- configstore@1.4.0
22 silly idealTree | | +-- desktop.ini
22 silly idealTree | | `-- uuid@2.0.3
22 silly idealTree | +-- desktop.ini
22 silly idealTree | `-- uuid@3.2.1
22 silly idealTree +-- interpret@1.1.0
22 silly idealTree +-- ipaddr.js@1.6.0
22 silly idealTree +-- is-buffer@1.1.6
22 silly idealTree +-- is-builtin-module@1.0.0
22 silly idealTree +-- is-finite@1.0.2
22 silly idealTree +-- is-fullwidth-code-point@1.0.0
22 silly idealTree +-- is-my-ip-valid@1.0.0
22 silly idealTree +-- is-my-json-valid@2.17.2
22 silly idealTree +-- is-npm@1.0.0
22 silly idealTree +-- is-obj@1.0.1
22 silly idealTree +-- is-property@1.0.2
22 silly idealTree +-- is-redirect@1.0.0
22 silly idealTree +-- is-stream@1.1.0
22 silly idealTree +-- is-typedarray@1.0.0
22 silly idealTree +-- is-url@1.2.4
22 silly idealTree +-- isarray@0.0.1
22 silly idealTree +-- isstream@0.1.2
22 silly idealTree +-- jsbn@0.1.1
22 silly idealTree +-- json-parse-better-errors@1.0.2
22 silly idealTree +-- json-schema@0.2.3
22 silly idealTree +-- json-stable-stringify@0.0.1
22 silly idealTree +-- json-stringify-safe@5.0.1
22 silly idealTree +-- jsonify@0.0.0
22 silly idealTree +-- jsonparse@1.3.1
22 silly idealTree +-- jsonpointer@4.0.1
22 silly idealTree +-- JSONStream@1.3.2
22 silly idealTree +-- jsprim@1.4.1
22 silly idealTree | +-- assert-plus@1.0.0
22 silly idealTree | `-- desktop.ini
22 silly idealTree +-- labeled-stream-splicer@2.0.1
22 silly idealTree | +-- desktop.ini
22 silly idealTree | `-- isarray@2.0.4
22 silly idealTree +-- latest-version@1.0.1
22 silly idealTree +-- lexical-scope@1.2.0
22 silly idealTree +-- lodash._getnative@3.9.1
22 silly idealTree +-- lodash.debounce@3.1.1
22 silly idealTree +-- lodash.memoize@3.0.4
22 silly idealTree +-- lodash@3.10.1
22 silly idealTree +-- lowercase-keys@1.0.1
22 silly idealTree +-- md5.js@1.3.4
22 silly idealTree | +-- desktop.ini
22 silly idealTree | `-- hash-base@3.0.4
22 silly idealTree +-- media-typer@0.3.0
22 silly idealTree +-- merge-descriptors@1.0.1
22 silly idealTree +-- methods@1.1.2
22 silly idealTree +-- miller-rabin@4.0.1
22 silly idealTree +-- mime-db@1.33.0
22 silly idealTree +-- mime-types@2.1.18
22 silly idealTree +-- mime@1.4.1
22 silly idealTree +-- minimalistic-assert@1.0.0
22 silly idealTree +-- minimalistic-crypto-utils@1.0.1
22 silly idealTree +-- minimatch@3.0.4
22 silly idealTree +-- minimist@0.0.8
22 silly idealTree +-- mkdirp@0.5.1
22 silly idealTree +-- module-deps@4.1.1
22 silly idealTree +-- ms@2.0.0
22 silly idealTree +-- mute-stream@0.0.7
22 silly idealTree +-- negotiator@0.6.1
22 silly idealTree +-- nested-error-stacks@1.0.2
22 silly idealTree +-- nopt@3.0.1
22 silly idealTree +-- normalize-package-data@2.4.0
22 silly idealTree +-- npm-package-arg@6.0.0
22 silly idealTree +-- number-is-nan@1.0.1
22 silly idealTree +-- oauth-sign@0.8.2
22 silly idealTree +-- object-assign@4.1.1
22 silly idealTree +-- object-keys@1.0.11
22 silly idealTree +-- on-finished@2.3.0
22 silly idealTree +-- on-headers@1.0.1
22 silly idealTree +-- once@1.4.0
22 silly idealTree +-- onesignal-cordova-plugin@2.4.0
22 silly idealTree +-- onetime@1.1.0
22 silly idealTree +-- open@0.0.5
22 silly idealTree +-- opener@1.4.2
22 silly idealTree +-- os-browserify@0.1.2
22 silly idealTree +-- os-homedir@1.0.2
22 silly idealTree +-- os-name@1.0.3
22 silly idealTree +-- os-tmpdir@1.0.2
22 silly idealTree +-- osenv@0.1.5
22 silly idealTree +-- osx-release@1.1.0
22 silly idealTree | +-- desktop.ini
22 silly idealTree | `-- minimist@1.2.0
22 silly idealTree +-- package-json@1.2.0
22 silly idealTree +-- pako@0.2.9
22 silly idealTree +-- parents@1.0.1
22 silly idealTree +-- parse-asn1@5.1.0
22 silly idealTree +-- parseurl@1.3.2
22 silly idealTree +-- path-browserify@0.0.0
22 silly idealTree +-- path-is-absolute@1.0.1
22 silly idealTree +-- path-parse@1.0.5
22 silly idealTree +-- path-platform@0.11.15
22 silly idealTree +-- path-to-regexp@0.1.7
22 silly idealTree +-- pbkdf2@3.0.14
22 silly idealTree +-- pegjs@0.10.0
22 silly idealTree +-- pinkie-promise@2.0.1
22 silly idealTree +-- pinkie@2.0.4
22 silly idealTree +-- plist@1.2.0
22 silly idealTree +-- prepend-http@1.0.4
22 silly idealTree +-- process-nextick-args@2.0.0
22 silly idealTree +-- process@0.11.10
22 silly idealTree +-- promzard@0.3.0
22 silly idealTree +-- properties-parser@0.3.1
22 silly idealTree +-- proxy-addr@2.0.3
22 silly idealTree +-- public-encrypt@4.0.0
22 silly idealTree +-- punycode@1.4.1
22 silly idealTree +-- q@1.5.1
22 silly idealTree +-- qs@6.5.1
22 silly idealTree +-- querystring-es3@0.2.1
22 silly idealTree +-- querystring@0.2.0
22 silly idealTree +-- randombytes@2.0.6
22 silly idealTree +-- randomfill@1.0.4
22 silly idealTree +-- range-parser@1.2.0
22 silly idealTree +-- raw-body@2.3.2
22 silly idealTree | +-- depd@1.1.1
22 silly idealTree | +-- desktop.ini
22 silly idealTree | +-- http-errors@1.6.2
22 silly idealTree | `-- setprototypeof@1.0.3
22 silly idealTree +-- rc@1.2.6
22 silly idealTree | +-- desktop.ini
22 silly idealTree | `-- minimist@1.2.0
22 silly idealTree +-- read-all-stream@3.1.0
22 silly idealTree +-- read-only-stream@2.0.0
22 silly idealTree +-- read-package-json@2.0.13
22 silly idealTree | +-- desktop.ini
22 silly idealTree | `-- glob@7.1.2
22 silly idealTree +-- read@1.0.7
22 silly idealTree +-- readable-stream@2.3.5
22 silly idealTree | +-- desktop.ini
22 silly idealTree | `-- isarray@1.0.0
22 silly idealTree +-- readline2@1.0.1
22 silly idealTree | +-- desktop.ini
22 silly idealTree | `-- mute-stream@0.0.5
22 silly idealTree +-- rechoir@0.6.2
22 silly idealTree +-- registry-url@3.1.0
22 silly idealTree +-- repeating@1.1.3
22 silly idealTree +-- request@2.79.0
22 silly idealTree | +-- desktop.ini
22 silly idealTree | +-- qs@6.3.2
22 silly idealTree | `-- uuid@3.2.1
22 silly idealTree +-- resolve@1.6.0
22 silly idealTree +-- restore-cursor@1.0.1
22 silly idealTree +-- rimraf@2.6.2
22 silly idealTree | +-- desktop.ini
22 silly idealTree | `-- glob@7.1.2
22 silly idealTree +-- ripemd160@2.0.1
22 silly idealTree +-- run-async@0.1.0
22 silly idealTree +-- rx-lite@3.1.2
22 silly idealTree +-- safe-buffer@5.1.1
22 silly idealTree +-- sax@0.3.5
22 silly idealTree +-- semver-diff@2.1.0
22 silly idealTree +-- semver@5.5.0
22 silly idealTree +-- send@0.16.2
22 silly idealTree +-- serve-static@1.13.2
22 silly idealTree +-- setprototypeof@1.1.0
22 silly idealTree +-- sha.js@2.4.11
22 silly idealTree +-- shasum@1.0.2
22 silly idealTree +-- shell-quote@1.6.1
22 silly idealTree +-- shelljs@0.5.3
22 silly idealTree +-- simple-plist@0.2.1
22 silly idealTree | +-- base64-js@1.1.2
22 silly idealTree | +-- desktop.ini
22 silly idealTree | +-- plist@2.0.1
22 silly idealTree | `-- xmlbuilder@8.2.2
22 silly idealTree +-- slash@1.0.0
22 silly idealTree +-- slide@1.1.6
22 silly idealTree +-- sntp@1.0.9
22 silly idealTree +-- source-map@0.5.7
22 silly idealTree +-- spdx-correct@3.0.0
22 silly idealTree +-- spdx-exceptions@2.1.0
22 silly idealTree +-- spdx-expression-parse@3.0.0
22 silly idealTree +-- spdx-license-ids@3.0.0
22 silly idealTree +-- sshpk@1.14.1
22 silly idealTree | +-- assert-plus@1.0.0
22 silly idealTree | `-- desktop.ini
22 silly idealTree +-- statuses@1.4.0
22 silly idealTree +-- stream-browserify@2.0.1
22 silly idealTree +-- stream-buffers@2.2.0
22 silly idealTree +-- stream-combiner2@1.1.1
22 silly idealTree +-- stream-http@2.8.1
22 silly idealTree +-- stream-shift@1.0.0
22 silly idealTree +-- stream-splicer@2.0.0
22 silly idealTree +-- string_decoder@1.0.3
22 silly idealTree +-- string-length@1.0.1
22 silly idealTree +-- string.prototype.codepointat@0.2.1
22 silly idealTree +-- stringstream@0.0.5
22 silly idealTree +-- strip-ansi@3.0.1
22 silly idealTree +-- strip-json-comments@2.0.1
22 silly idealTree +-- subarg@1.0.0
22 silly idealTree | +-- desktop.ini
22 silly idealTree | `-- minimist@1.2.0
22 silly idealTree +-- supports-color@2.0.0
22 silly idealTree +-- syntax-error@1.4.0
22 silly idealTree +-- tar@2.2.1
22 silly idealTree +-- through@2.3.8
22 silly idealTree +-- through2@2.0.3
22 silly idealTree +-- timed-out@2.0.0
22 silly idealTree +-- timers-browserify@1.4.2
22 silly idealTree +-- to-arraybuffer@1.0.1
22 silly idealTree +-- tough-cookie@2.3.4
22 silly idealTree +-- tty-browserify@0.0.1
22 silly idealTree +-- tunnel-agent@0.4.3
22 silly idealTree +-- tweetnacl@0.14.5
22 silly idealTree +-- type-is@1.6.16
22 silly idealTree +-- typedarray@0.0.6
22 silly idealTree +-- umd@3.0.3
22 silly idealTree +-- underscore@1.8.3
22 silly idealTree +-- unorm@1.4.1
22 silly idealTree +-- unpipe@1.0.0
22 silly idealTree +-- update-notifier@0.5.0
22 silly idealTree | +-- configstore@1.4.0
22 silly idealTree | `-- desktop.ini
22 silly idealTree +-- url@0.11.0
22 silly idealTree | +-- desktop.ini
22 silly idealTree | `-- punycode@1.3.2
22 silly idealTree +-- util-deprecate@1.0.2
22 silly idealTree +-- util@0.10.3
22 silly idealTree | +-- desktop.ini
22 silly idealTree | `-- inherits@2.0.1
22 silly idealTree +-- utils-merge@1.0.1
22 silly idealTree +-- uuid@2.0.3
22 silly idealTree +-- valid-identifier@0.0.1
22 silly idealTree +-- validate-npm-package-license@3.0.3
22 silly idealTree +-- validate-npm-package-name@3.0.0
22 silly idealTree +-- vary@1.1.2
22 silly idealTree +-- verror@1.10.0
22 silly idealTree | +-- assert-plus@1.0.0
22 silly idealTree | `-- desktop.ini
22 silly idealTree +-- vm-browserify@0.0.4
22 silly idealTree +-- win-release@1.1.1
22 silly idealTree +-- wrappy@1.0.2
22 silly idealTree +-- write-file-atomic@1.3.4
22 silly idealTree +-- xcode@1.0.0
22 silly idealTree | +-- desktop.ini
22 silly idealTree | `-- uuid@3.0.1
22 silly idealTree +-- xdg-basedir@2.0.0
22 silly idealTree +-- xml2js@0.4.19
22 silly idealTree | +-- sax@1.2.4
22 silly idealTree | `-- xmlbuilder@9.0.7
22 silly idealTree +-- xmlbuilder@4.0.0
22 silly idealTree +-- xmldom@0.1.27
22 silly idealTree `-- xtend@4.0.1
23 silly generateActionsToTake Starting
24 silly install generateActionsToTake
25 silly generateActionsToTake Finishing
26 silly diffTrees action count 1
27 silly diffTrees remove cordova-plugin-geolocation@4.0.1
28 silly decomposeActions action count 1
29 silly decomposeActions remove cordova-plugin-geolocation@4.0.1
30 silly runTopLevelLifecycles Starting
31 silly executeActions Starting
32 silly install executeActions
33 silly doSerial global-install 0
34 silly doParallel fetch 0
35 verbose correctMkdir C:\Users\olvrd\AppData\Roaming\npm-cache\_locks correctMkdir not in flight; initializing
36 verbose lock using C:\Users\olvrd\AppData\Roaming\npm-cache\_locks\staging-8376e3b57366746d.lock for C:\Users\olvrd\Google Drive\Rainet'Com\Clients\colisclub\Vmobile\applicommande\ColisClub\Colisclub-0304\node_modules\.staging
37 silly doParallel extract 0
38 silly doParallel preinstall 0
39 silly doReverseSerial remove 1
40 silly remove C:\Users\olvrd\Google Drive\Rainet'Com\Clients\colisclub\Vmobile\applicommande\ColisClub\Colisclub-0304\node_modules\cordova-plugin-geolocation
41 verbose unbuild node_modules\cordova-plugin-geolocation
42 info lifecycle cordova-plugin-geolocation@4.0.1~preuninstall: cordova-plugin-geolocation@4.0.1
43 silly lifecycle cordova-plugin-geolocation@4.0.1~preuninstall: no script for preuninstall, continuing
44 info lifecycle cordova-plugin-geolocation@4.0.1~uninstall: cordova-plugin-geolocation@4.0.1
45 silly lifecycle cordova-plugin-geolocation@4.0.1~uninstall: no script for uninstall, continuing
46 verbose unbuild rmStuff cordova-plugin-geolocation@4.0.1 from C:\Users\olvrd\Google Drive\Rainet'Com\Clients\colisclub\Vmobile\applicommande\ColisClub\Colisclub-0304\node_modules
47 info lifecycle cordova-plugin-geolocation@4.0.1~postuninstall: cordova-plugin-geolocation@4.0.1
48 silly lifecycle cordova-plugin-geolocation@4.0.1~postuninstall: no script for postuninstall, continuing
49 silly gentlyRm C:\Users\olvrd\Google Drive\Rainet'Com\Clients\colisclub\Vmobile\applicommande\ColisClub\Colisclub-0304\node_modules\cordova-plugin-geolocation is being purged from base C:\Users\olvrd\Google Drive\Rainet'Com\Clients\colisclub\Vmobile\applicommande\ColisClub\Colisclub-0304
50 verbose gentlyRm don't care about contents; nuking C:\Users\olvrd\Google Drive\Rainet'Com\Clients\colisclub\Vmobile\applicommande\ColisClub\Colisclub-0304\node_modules\cordova-plugin-geolocation
51 silly vacuum-fs purging C:\Users\olvrd\Google Drive\Rainet'Com\Clients\colisclub\Vmobile\applicommande\ColisClub\Colisclub-0304\node_modules\cordova-plugin-geolocation
52 verbose unlock done using C:\Users\olvrd\AppData\Roaming\npm-cache\_locks\staging-8376e3b57366746d.lock for C:\Users\olvrd\Google Drive\Rainet'Com\Clients\colisclub\Vmobile\applicommande\ColisClub\Colisclub-0304\node_modules\.staging
53 silly rollbackFailedOptional Starting
54 silly rollbackFailedOptional Finishing
55 silly runTopLevelLifecycles Finishing
56 silly install printInstalled
57 warn fr.rainetcom.colisclub@1.0.0 No repository field.
58 verbose If you need help, you may report this error at:
58 verbose     <https://github.com/npm/npm/issues>
59 verbose stack Error: EPERM: operation not permitted, rmdir 'C:\Users\olvrd\Google Drive\Rainet'Com\Clients\colisclub\Vmobile\applicommande\ColisClub\Colisclub-0304\node_modules\cordova-plugin-geolocation\.github'
59 verbose stack     at Error (native)
60 verbose cwd C:\Users\olvrd\Google Drive\Rainet'Com\Clients\colisclub\Vmobile\applicommande\ColisClub\Colisclub-0304
61 error Windows_NT 10.0.17134
62 error argv "C:\\Program Files\\nodejs\\node.exe" "C:\\Program Files\\nodejs\\node_modules\\npm\\bin\\npm-cli.js" "uninstall" "cordova-plugin-geolocation" "--save"
63 error node v6.11.4
64 error npm  v3.10.10
65 error path C:\Users\olvrd\Google Drive\Rainet'Com\Clients\colisclub\Vmobile\applicommande\ColisClub\Colisclub-0304\node_modules\cordova-plugin-geolocation\.github
66 error code EPERM
67 error errno -4048
68 error syscall rmdir
69 error Error: EPERM: operation not permitted, rmdir 'C:\Users\olvrd\Google Drive\Rainet'Com\Clients\colisclub\Vmobile\applicommande\ColisClub\Colisclub-0304\node_modules\cordova-plugin-geolocation\.github'
69 error     at Error (native)
69 error  { Error: EPERM: operation not permitted, rmdir 'C:\Users\olvrd\Google Drive\Rainet'Com\Clients\colisclub\Vmobile\applicommande\ColisClub\Colisclub-0304\node_modules\cordova-plugin-geolocation\.github'
69 error     at Error (native)
69 error   errno: -4048,
69 error   code: 'EPERM',
69 error   syscall: 'rmdir',
69 error   path: 'C:\\Users\\olvrd\\Google Drive\\Rainet\'Com\\Clients\\colisclub\\Vmobile\\applicommande\\ColisClub\\Colisclub-0304\\node_modules\\cordova-plugin-geolocation\\.github',
69 error   parent: 'fr.rainetcom.colisclub' }
70 error Please try running this command again as root/Administrator.
71 verbose exit [ -4048, true ]
